2025-12-20 13:48:23 +05:00: Email auth check: { user: 'Email found', pass: 'Password found' }
2025-12-20 13:48:23 +05:00: Server is running on port 8080
2025-12-20 13:48:24 +05:00: SMTP Server is ready to send messages
2025-12-20 13:48:25 +05:00: ✅ Found existing WhatsApp session, attempting to restore...
2025-12-20 13:48:33 +05:00: Loading screen: 95 WhatsApp
2025-12-20 13:48:33 +05:00: ✅ WhatsApp authenticated successfully! Session will persist across restarts.
2025-12-20 13:48:34 +05:00: Loading screen: 99 WhatsApp
2025-12-20 13:48:34 +05:00: ✅ WhatsApp client is ready! (Session restored from previous connection)
2025-12-20 13:48:50 +05:00: ✅ WhatsApp authenticated successfully! Session will persist across restarts.
2025-12-20 13:48:50 +05:00: ✅ WhatsApp authenticated successfully! Session will persist across restarts.
2025-12-20 13:48:50 +05:00: ✅ WhatsApp authenticated successfully! Session will persist across restarts.
2025-12-20 13:48:50 +05:00: ✅ WhatsApp client is ready! (Session restored from previous connection)
2025-12-20 13:48:50 +05:00: ✅ WhatsApp client is ready! (Session restored from previous connection)
2025-12-20 13:48:50 +05:00: ✅ WhatsApp client is ready! (Session restored from previous connection)
2025-12-20 13:48:51 +05:00: WhatsApp client disconnected: LOGOUT
2025-12-20 13:48:52 +05:00: WhatsApp client disconnected: LOGOUT
2025-12-20 13:48:56 +05:00: Attempting to reconnect...
2025-12-20 13:48:57 +05:00: Attempting to reconnect...
2025-12-20 13:49:01 +05:00: QR code received, scan with your phone
2025-12-20 13:50:01 +05:00: QR code received, scan with your phone
2025-12-20 13:50:02 +05:00: Email auth check: { user: 'Email found', pass: 'Password found' }
2025-12-20 13:50:02 +05:00: Server is running on port 8080
2025-12-20 13:50:03 +05:00: SMTP Server is ready to send messages
2025-12-20 13:50:04 +05:00: ✅ Found existing WhatsApp session, attempting to restore...
2025-12-20 13:50:23 +05:00: QR code received, scan with your phone
2025-12-20 13:50:45 +05:00: Email auth check: { user: 'Email found', pass: 'Password found' }
2025-12-20 13:50:45 +05:00: Server is running on port 8080
2025-12-20 13:50:47 +05:00: ✅ Found existing WhatsApp session, attempting to restore...
2025-12-20 13:50:48 +05:00: SMTP Server is ready to send messages
2025-12-20 13:50:56 +05:00: QR code received, scan with your phone
2025-12-20 13:51:08 +05:00: Email auth check: { user: 'Email found', pass: 'Password found' }
2025-12-20 13:51:08 +05:00: Server is running on port 8080
2025-12-20 13:51:09 +05:00: SMTP Server is ready to send messages
2025-12-20 13:51:10 +05:00: ✅ Found existing WhatsApp session, attempting to restore...
2025-12-20 13:51:16 +05:00: QR code received, scan with your phone
2025-12-20 13:52:16 +05:00: QR code received, scan with your phone
2025-12-20 13:52:36 +05:00: QR code received, scan with your phone
