[0908/164241.424:ERROR:cache_util_win.cc(20)] Unable to move the cache: Access is denied. (0x5)
[0908/164241.425:ERROR:cache_util_win.cc(20)] Unable to move the cache: Access is denied. (0x5)
[0908/164241.425:ERROR:disk_cache.cc(205)] Unable to create cache
[0908/164241.425:ERROR:gpu_disk_cache.cc(673)] Gpu Cache Creation failed: -2
[0908/164241.425:ERROR:disk_cache.cc(205)] Unable to create cache
[0908/164241.425:ERROR:gpu_disk_cache.cc(673)] Gpu Cache Creation failed: -2
[0908/164242.889:WARNING:cache_util.cc(137)] Unable to delete cache folder.
[0908/164243.017:INFO:CONSOLE(150)] "Event handler of 'x-storagemutated-1' event must be added on the initial evaluation of worker script.", source: https://static.whatsapp.net/rsrc.php/v3/yL/r/Z0TPhS0RCj5.js?_nc_x=Ij3Wp8lg5Kz (150)
[0908/164243.712:INFO:CONSOLE(0)] "Error with Permissions-Policy header: Feature xr-spatial-tracking's parameters are ignored.", source:  (0)
[0908/164243.713:INFO:CONSOLE(0)] "Error with Permissions-Policy header: Origin trial controlled feature not enabled: 'attribution-reporting'.", source:  (0)
[0908/164243.713:INFO:CONSOLE(0)] "Error with Permissions-Policy header: Unrecognized feature: 'compute-pressure'.", source:  (0)
[0908/164243.713:INFO:CONSOLE(0)] "Error with Permissions-Policy header: Origin trial controlled feature not enabled: 'interest-cohort'.", source:  (0)
[0908/164243.713:INFO:CONSOLE(0)] "Error with Permissions-Policy header: Unrecognized feature: 'private-state-token-issuance'.", source:  (0)
[0908/164243.713:INFO:CONSOLE(0)] "Error with Permissions-Policy header: Origin trial controlled feature not enabled: 'shared-storage'.", source:  (0)
[0908/164243.713:INFO:CONSOLE(0)] "Error with Permissions-Policy header: Unrecognized feature: 'shared-storage-select-url'.", source:  (0)
[0908/164243.713:INFO:CONSOLE(0)] "Error with Permissions-Policy header: Unrecognized feature: 'private-state-token-redemption'.", source:  (0)
[0908/164243.713:INFO:CONSOLE(0)] "Error with Permissions-Policy header: Unrecognized feature: 'unload'.", source:  (0)
[0908/164243.713:INFO:CONSOLE(0)] "Error with Permissions-Policy header: Unrecognized feature: 'window-management'.", source:  (0)
[0908/164258.459:INFO:CONSOLE(150)] "Event handler of 'x-storagemutated-1' event must be added on the initial evaluation of worker script.", source: https://static.whatsapp.net/rsrc.php/v3/yL/r/Z0TPhS0RCj5.js?_nc_x=Ij3Wp8lg5Kz (150)
[0908/164314.859:INFO:CONSOLE(342)] "WAWebLoggerWorker initialized", source: https://static.whatsapp.net/rsrc.php/v3/yw/r/4Nb4oyv3XvH.js?_nc_x=Ij3Wp8lg5Kz (342)
[0908/164314.860:INFO:CONSOLE(342)] "[storage] start setSchemaVersions from fts worker interface", source: https://static.whatsapp.net/rsrc.php/v3/yw/r/4Nb4oyv3XvH.js?_nc_x=Ij3Wp8lg5Kz (342)
[0908/164314.860:INFO:CONSOLE(342)] "[storage] set schema versions: [model-storage,158,fts-storage,8,jobs-storage,1,lru-media-storage-idb,2,offd-storage,4,qpl-storage,0,signal-storage,6,worker-storage,1,sw,2,wawc,14,wawc_db_enc,2]. is worker? true", source: https://static.whatsapp.net/rsrc.php/v3/yw/r/4Nb4oyv3XvH.js?_nc_x=Ij3Wp8lg5Kz (342)
